# JRE version: OpenJDK Runtime Environment Temurin-11.0.12+7 (11.0.12+7) (build 11.0.12+7)
# Java VM: OpenJDK 64-Bit Server VM Temurin-11.0.12+7 (11.0.12+7, mixed mode, tiered, compressed oops, parallel gc, windows-amd64)
Heap:
 PSYoungGen      total 24064K, used 0K [0x00000000eab00000, 0x00000000ec480000, 0x0000000100000000)
  eden space 22016K, 0% used [0x00000000eab00000,0x00000000eab00000,0x00000000ec080000)
  from space 2048K, 0% used [0x00000000ec100000,0x00000000ec100000,0x00000000ec300000)
  to   space 1024K, 0% used [0x00000000ec380000,0x00000000ec380000,0x00000000ec480000)
 ParOldGen       total 68608K, used 24614K [0x00000000c0000000, 0x00000000c4300000, 0x00000000eab00000)
  object space 68608K, 35% used [0x00000000c0000000,0x00000000c1809898,0x00000000c4300000)
 Metaspace       used 33301K, capacity 35297K, committed 35416K, reserved 1081344K
  class space    used 3152K, capacity 3878K, committed 3968K, reserved 1048576K
GC Heap History (20 events):
Event: 3.424 GC heap before
{Heap before GC invocations=8 (full 1):
 PSYoungGen      total 26624K, used 26603K [0x00000000eab00000, 0x00000000eca00000, 0x0000000100000000)
  eden space 24064K, 100% used [0x00000000eab00000,0x00000000ec280000,0x00000000ec280000)
  from space 2560K, 99% used [0x00000000ec600000,0x00000000ec87ac88,0x00000000ec880000)
  to   space 3584K, 0% used [0x00000000ec280000,0x00000000ec280000,0x00000000ec600000)
 ParOldGen       total 68608K, used 6460K [0x00000000c0000000, 0x00000000c4300000, 0x00000000eab00000)
  object space 68608K, 9% used [0x00000000c0000000,0x00000000c064f338,0x00000000c4300000)
 Metaspace       used 30682K, capacity 32551K, committed 32640K, reserved 1079296K
  class space    used 2940K, capacity 3667K, committed 3712K, reserved 1048576K
}
Event: 3.430 GC heap after
{Heap after GC invocations=8 (full 1):
 PSYoungGen      total 27136K, used 3558K [0x00000000eab00000, 0x00000000ecb00000, 0x0000000100000000)
  eden space 23552K, 0% used [0x00000000eab00000,0x00000000eab00000,0x00000000ec200000)
  from space 3584K, 99% used [0x00000000ec280000,0x00000000ec5f9ba0,0x00000000ec600000)
  to   space 4608K, 0% used [0x00000000ec680000,0x00000000ec680000,0x00000000ecb00000)
 ParOldGen       total 68608K, used 6902K [0x00000000c0000000, 0x00000000c4300000, 0x00000000eab00000)
  object space 68608K, 10% used [0x00000000c0000000,0x00000000c06bdb48,0x00000000c4300000)
 Metaspace       used 30682K, capacity 32551K, committed 32640K, reserved 1079296K
  class space    used 2940K, capacity 3667K, committed 3712K, reserved 1048576K
}
Event: 3.515 GC heap before
{Heap before GC invocations=9 (full 1):
 PSYoungGen      total 27136K, used 27110K [0x00000000eab00000, 0x00000000ecb00000, 0x0000000100000000)
  eden space 23552K, 100% used [0x00000000eab00000,0x00000000ec200000,0x00000000ec200000)
  from space 3584K, 99% used [0x00000000ec280000,0x00000000ec5f9ba0,0x00000000ec600000)
  to   space 4608K, 0% used [0x00000000ec680000,0x00000000ec680000,0x00000000ecb00000)
 ParOldGen       total 68608K, used 6902K [0x00000000c0000000, 0x00000000c4300000, 0x00000000eab00000)
  object space 68608K, 10% used [0x00000000c0000000,0x00000000c06bdb48,0x00000000c4300000)
 Metaspace       used 31088K, capacity 32933K, committed 33152K, reserved 1079296K
  class space    used 2995K, capacity 3709K, committed 3712K, reserved 1048576K
}
Event: 3.519 GC heap after
{Heap after GC invocations=9 (full 1):
 PSYoungGen      total 26624K, used 4585K [0x00000000eab00000, 0x00000000ecd80000, 0x0000000100000000)
  eden space 22016K, 0% used [0x00000000eab00000,0x00000000eab00000,0x00000000ec080000)
  from space 4608K, 99% used [0x00000000ec680000,0x00000000ecafa4a8,0x00000000ecb00000)
  to   space 6144K, 0% used [0x00000000ec080000,0x00000000ec080000,0x00000000ec680000)
 ParOldGen       total 68608K, used 7987K [0x00000000c0000000, 0x00000000c4300000, 0x00000000eab00000)
  object space 68608K, 11% used [0x00000000c0000000,0x00000000c07ccea0,0x00000000c4300000)
 Metaspace       used 31088K, capacity 32933K, committed 33152K, reserved 1079296K
  class space    used 2995K, capacity 3709K, committed 3712K, reserved 1048576K
}
Event: 3.567 GC heap before
{Heap before GC invocations=10 (full 1):
 PSYoungGen      total 26624K, used 26601K [0x00000000eab00000, 0x00000000ecd80000, 0x0000000100000000)
  eden space 22016K, 100% used [0x00000000eab00000,0x00000000ec080000,0x00000000ec080000)
  from space 4608K, 99% used [0x00000000ec680000,0x00000000ecafa4a8,0x00000000ecb00000)
  to   space 6144K, 0% used [0x00000000ec080000,0x00000000ec080000,0x00000000ec680000)
 ParOldGen       total 68608K, used 7987K [0x00000000c0000000, 0x00000000c4300000, 0x00000000eab00000)
  object space 68608K, 11% used [0x00000000c0000000,0x00000000c07ccea0,0x00000000c4300000)
 Metaspace       used 31120K, capacity 32997K, committed 33152K, reserved 1079296K
  class space    used 2995K, capacity 3709K, committed 3712K, reserved 1048576K
}
Event: 3.571 GC heap after
{Heap after GC invocations=10 (full 1):
 PSYoungGen      total 27136K, used 4814K [0x00000000eab00000, 0x00000000eca80000, 0x0000000100000000)
  eden space 22016K, 0% used [0x00000000eab00000,0x00000000eab00000,0x00000000ec080000)
  from space 5120K, 94% used [0x00000000ec080000,0x00000000ec533be0,0x00000000ec580000)
  to   space 5120K, 0% used [0x00000000ec580000,0x00000000ec580000,0x00000000eca80000)
 ParOldGen       total 68608K, used 9862K [0x00000000c0000000, 0x00000000c4300000, 0x00000000eab00000)
  object space 68608K, 14% used [0x00000000c0000000,0x00000000c09a1be0,0x00000000c4300000)
 Metaspace       used 31120K, capacity 32997K, committed 33152K, reserved 1079296K
  class space    used 2995K, capacity 3709K, committed 3712K, reserved 1048576K
}
Event: 3.630 GC heap before
{Heap before GC invocations=11 (full 1):
 PSYoungGen      total 27136K, used 26830K [0x00000000eab00000, 0x00000000eca80000, 0x0000000100000000)
  eden space 22016K, 100% used [0x00000000eab00000,0x00000000ec080000,0x00000000ec080000)
  from space 5120K, 94% used [0x00000000ec080000,0x00000000ec533be0,0x00000000ec580000)
  to   space 5120K, 0% used [0x00000000ec580000,0x00000000ec580000,0x00000000eca80000)
 ParOldGen       total 68608K, used 9862K [0x00000000c0000000, 0x00000000c4300000, 0x00000000eab00000)
  object space 68608K, 14% used [0x00000000c0000000,0x00000000c09a1be0,0x00000000c4300000)
 Metaspace       used 31294K, capacity 33125K, committed 33152K, reserved 1079296K
  class space    used 3008K, capacity 3709K, committed 3712K, reserved 1048576K
}
Event: 3.634 GC heap after
{Heap after GC invocations=11 (full 1):
 PSYoungGen      total 27136K, used 4594K [0x00000000eab00000, 0x00000000eca80000, 0x0000000100000000)
  eden space 22016K, 0% used [0x00000000eab00000,0x00000000eab00000,0x00000000ec080000)
  from space 5120K, 89% used [0x00000000ec580000,0x00000000ec9fcb38,0x00000000eca80000)
  to   space 5120K, 0% used [0x00000000ec080000,0x00000000ec080000,0x00000000ec580000)
 ParOldGen       total 68608K, used 12568K [0x00000000c0000000, 0x00000000c4300000, 0x00000000eab00000)
  object space 68608K, 18% used [0x00000000c0000000,0x00000000c0c46050,0x00000000c4300000)
 Metaspace       used 31294K, capacity 33125K, committed 33152K, reserved 1079296K
  class space    used 3008K, capacity 3709K, committed 3712K, reserved 1048576K
}
Event: 3.667 GC heap before
{Heap before GC invocations=12 (full 1):
 PSYoungGen      total 27136K, used 26610K [0x00000000eab00000, 0x00000000eca80000, 0x0000000100000000)
  eden space 22016K, 100% used [0x00000000eab00000,0x00000000ec080000,0x00000000ec080000)
  from space 5120K, 89% used [0x00000000ec580000,0x00000000ec9fcb38,0x00000000eca80000)
  to   space 5120K, 0% used [0x00000000ec080000,0x00000000ec080000,0x00000000ec580000)
 ParOldGen       total 68608K, used 12568K [0x00000000c0000000, 0x00000000c4300000, 0x00000000eab00000)
  object space 68608K, 18% used [0x00000000c0000000,0x00000000c0c46050,0x00000000c4300000)
 Metaspace       used 31295K, capacity 33125K, committed 33152K, reserved 1079296K
  class space    used 3008K, capacity 3709K, committed 3712K, reserved 1048576K
}
Event: 3.672 GC heap after
{Heap after GC invocations=12 (full 1):
 PSYoungGen      total 24576K, used 2176K [0x00000000eab00000, 0x00000000ec780000, 0x0000000100000000)
  eden space 22016K, 0% used [0x00000000eab00000,0x00000000eab00000,0x00000000ec080000)
  from space 2560K, 85% used [0x00000000ec080000,0x00000000ec2a0000,0x00000000ec300000)
  to   space 3584K, 0% used [0x00000000ec400000,0x00000000ec400000,0x00000000ec780000)
 ParOldGen       total 68608K, used 17043K [0x00000000c0000000, 0x00000000c4300000, 0x00000000eab00000)
  object space 68608K, 24% used [0x00000000c0000000,0x00000000c10a4ca8,0x00000000c4300000)
 Metaspace       used 31295K, capacity 33125K, committed 33152K, reserved 1079296K
  class space    used 3008K, capacity 3709K, committed 3712K, reserved 1048576K
}
Event: 3.704 GC heap before
{Heap before GC invocations=13 (full 1):
 PSYoungGen      total 24576K, used 24192K [0x00000000eab00000, 0x00000000ec780000, 0x0000000100000000)
  eden space 22016K, 100% used [0x00000000eab00000,0x00000000ec080000,0x00000000ec080000)
  from space 2560K, 85% used [0x00000000ec080000,0x00000000ec2a0000,0x00000000ec300000)
  to   space 3584K, 0% used [0x00000000ec400000,0x00000000ec400000,0x00000000ec780000)
 ParOldGen       total 68608K, used 17043K [0x00000000c0000000, 0x00000000c4300000, 0x00000000eab00000)
  object space 68608K, 24% used [0x00000000c0000000,0x00000000c10a4ca8,0x00000000c4300000)
 Metaspace       used 31295K, capacity 33125K, committed 33152K, reserved 1079296K
  class space    used 3008K, capacity 3709K, committed 3712K, reserved 1048576K
}
Event: 3.707 GC heap after
{Heap after GC invocations=13 (full 1):
 PSYoungGen      total 25088K, used 2592K [0x00000000eab00000, 0x00000000ec700000, 0x0000000100000000)
  eden space 22016K, 0% used [0x00000000eab00000,0x00000000eab00000,0x00000000ec080000)
  from space 3072K, 84% used [0x00000000ec400000,0x00000000ec688010,0x00000000ec700000)
  to   space 3072K, 0% used [0x00000000ec100000,0x00000000ec100000,0x00000000ec400000)
 ParOldGen       total 68608K, used 19179K [0x00000000c0000000, 0x00000000c4300000, 0x00000000eab00000)
  object space 68608K, 27% used [0x00000000c0000000,0x00000000c12baca8,0x00000000c4300000)
 Metaspace       used 31295K, capacity 33125K, committed 33152K, reserved 1079296K
  class space    used 3008K, capacity 3709K, committed 3712K, reserved 1048576K
}
Event: 3.765 GC heap before
{Heap before GC invocations=14 (full 1):
 PSYoungGen      total 25088K, used 24608K [0x00000000eab00000, 0x00000000ec700000, 0x0000000100000000)
  eden space 22016K, 100% used [0x00000000eab00000,0x00000000ec080000,0x00000000ec080000)
  from space 3072K, 84% used [0x00000000ec400000,0x00000000ec688010,0x00000000ec700000)
  to   space 3072K, 0% used [0x00000000ec100000,0x00000000ec100000,0x00000000ec400000)
 ParOldGen       total 68608K, used 19179K [0x00000000c0000000, 0x00000000c4300000, 0x00000000eab00000)
  object space 68608K, 27% used [0x00000000c0000000,0x00000000c12baca8,0x00000000c4300000)
 Metaspace       used 31388K, capacity 33230K, committed 33536K, reserved 1079296K
  class space    used 3016K, capacity 3744K, committed 3840K, reserved 1048576K
}
Event: 3.770 GC heap after
{Heap after GC invocations=14 (full 1):
 PSYoungGen      total 25088K, used 2848K [0x00000000eab00000, 0x00000000ec680000, 0x0000000100000000)
  eden space 22016K, 0% used [0x00000000eab00000,0x00000000eab00000,0x00000000ec080000)
  from space 3072K, 92% used [0x00000000ec100000,0x00000000ec3c8000,0x00000000ec400000)
  to   space 2560K, 0% used [0x00000000ec400000,0x00000000ec400000,0x00000000ec680000)
 ParOldGen       total 68608K, used 21697K [0x00000000c0000000, 0x00000000c4300000, 0x00000000eab00000)
  object space 68608K, 31% used [0x00000000c0000000,0x00000000c1530538,0x00000000c4300000)
 Metaspace       used 31388K, capacity 33230K, committed 33536K, reserved 1079296K
  class space    used 3016K, capacity 3744K, committed 3840K, reserved 1048576K
}
Event: 3.948 GC heap before
{Heap before GC invocations=15 (full 1):
 PSYoungGen      total 25088K, used 24864K [0x00000000eab00000, 0x00000000ec680000, 0x0000000100000000)
  eden space 22016K, 100% used [0x00000000eab00000,0x00000000ec080000,0x00000000ec080000)
  from space 3072K, 92% used [0x00000000ec100000,0x00000000ec3c8000,0x00000000ec400000)
  to   space 2560K, 0% used [0x00000000ec400000,0x00000000ec400000,0x00000000ec680000)
 ParOldGen       total 68608K, used 21697K [0x00000000c0000000, 0x00000000c4300000, 0x00000000eab00000)
  object space 68608K, 31% used [0x00000000c0000000,0x00000000c1530538,0x00000000c4300000)
 Metaspace       used 33140K, capacity 35073K, committed 35200K, reserved 1081344K
  class space    used 3130K, capacity 3846K, committed 3968K, reserved 1048576K
}
Event: 3.951 GC heap after
{Heap after GC invocations=15 (full 1):
 PSYoungGen      total 23040K, used 1002K [0x00000000eab00000, 0x00000000ec500000, 0x0000000100000000)
  eden space 22016K, 0% used [0x00000000eab00000,0x00000000eab00000,0x00000000ec080000)
  from space 1024K, 97% used [0x00000000ec400000,0x00000000ec4faaf8,0x00000000ec500000)
  to   space 2048K, 0% used [0x00000000ec100000,0x00000000ec100000,0x00000000ec300000)
 ParOldGen       total 68608K, used 24446K [0x00000000c0000000, 0x00000000c4300000, 0x00000000eab00000)
  object space 68608K, 35% used [0x00000000c0000000,0x00000000c17df890,0x00000000c4300000)
 Metaspace       used 33140K, capacity 35073K, committed 35200K, reserved 1081344K
  class space    used 3130K, capacity 3846K, committed 3968K, reserved 1048576K
}
Event: 3.961 GC heap before
{Heap before GC invocations=16 (full 1):
 PSYoungGen      total 23040K, used 2004K [0x00000000eab00000, 0x00000000ec500000, 0x0000000100000000)
  eden space 22016K, 4% used [0x00000000eab00000,0x00000000eabfa780,0x00000000ec080000)
  from space 1024K, 97% used [0x00000000ec400000,0x00000000ec4faaf8,0x00000000ec500000)
  to   space 2048K, 0% used [0x00000000ec100000,0x00000000ec100000,0x00000000ec300000)
 ParOldGen       total 68608K, used 24446K [0x00000000c0000000, 0x00000000c4300000, 0x00000000eab00000)
  object space 68608K, 35% used [0x00000000c0000000,0x00000000c17df890,0x00000000c4300000)
 Metaspace       used 33301K, capacity 35297K, committed 35416K, reserved 1081344K
  class space    used 3152K, capacity 3878K, committed 3968K, reserved 1048576K
}
Event: 3.962 GC heap after
{Heap after GC invocations=16 (full 1):
 PSYoungGen      total 24064K, used 256K [0x00000000eab00000, 0x00000000ec480000, 0x0000000100000000)
  eden space 22016K, 0% used [0x00000000eab00000,0x00000000eab00000,0x00000000ec080000)
  from space 2048K, 12% used [0x00000000ec100000,0x00000000ec140000,0x00000000ec300000)
  to   space 1024K, 0% used [0x00000000ec380000,0x00000000ec380000,0x00000000ec480000)
 ParOldGen       total 68608K, used 25318K [0x00000000c0000000, 0x00000000c4300000, 0x00000000eab00000)
  object space 68608K, 36% used [0x00000000c0000000,0x00000000c18b9878,0x00000000c4300000)
 Metaspace       used 33301K, capacity 35297K, committed 35416K, reserved 1081344K
  class space    used 3152K, capacity 3878K, committed 3968K, reserved 1048576K
}
Event: 3.962 GC heap before
{Heap before GC invocations=17 (full 2):
 PSYoungGen      total 24064K, used 256K [0x00000000eab00000, 0x00000000ec480000, 0x0000000100000000)
  eden space 22016K, 0% used [0x00000000eab00000,0x00000000eab00000,0x00000000ec080000)
  from space 2048K, 12% used [0x00000000ec100000,0x00000000ec140000,0x00000000ec300000)
  to   space 1024K, 0% used [0x00000000ec380000,0x00000000ec380000,0x00000000ec480000)
 ParOldGen       total 68608K, used 25318K [0x00000000c0000000, 0x00000000c4300000, 0x00000000eab00000)
  object space 68608K, 36% used [0x00000000c0000000,0x00000000c18b9878,0x00000000c4300000)
 Metaspace       used 33301K, capacity 35297K, committed 35416K, reserved 1081344K
  class space    used 3152K, capacity 3878K, committed 3968K, reserved 1048576K
}
Event: 4.122 GC heap after
{Heap after GC invocations=17 (full 2):
 PSYoungGen      total 24064K, used 0K [0x00000000eab00000, 0x00000000ec480000, 0x0000000100000000)
  eden space 22016K, 0% used [0x00000000eab00000,0x00000000eab00000,0x00000000ec080000)
  from space 2048K, 0% used [0x00000000ec100000,0x00000000ec100000,0x00000000ec300000)
  to   space 1024K, 0% used [0x00000000ec380000,0x00000000ec380000,0x00000000ec480000)
 ParOldGen       total 68608K, used 24614K [0x00000000c0000000, 0x00000000c4300000, 0x00000000eab00000)
  object space 68608K, 35% used [0x00000000c0000000,0x00000000c1809898,0x00000000c4300000)
 Metaspace       used 33301K, capacity 35297K, committed 35416K, reserved 1081344K
  class space    used 3152K, capacity 3878K, committed 3968K, reserved 1048576K
}

